<?xml version="1.0" encoding="UTF-8"?>
<testng-results ignored="0" total="2" passed="2" failed="0" skipped="0">
  <reporter-output>
  </reporter-output>
  <suite started-at="2024-07-10T10:39:52 IST" name="Default suite" finished-at="2024-07-10T10:39:58 IST" duration-ms="5728">
    <groups>
    </groups>
    <test started-at="2024-07-10T10:39:52 IST" name="Default test" finished-at="2024-07-10T10:39:58 IST" duration-ms="5728">
      <class name="Selenium_Translaton.ExecuteTestScriptHeadlessInBrowser">
        <test-method signature="ChromeHeadLessExecution()[pri:0, instance:Selenium_Translaton.ExecuteTestScriptHeadlessInBrowser@2d0399f4]" started-at="2024-07-10T10:39:52 IST" name="ChromeHeadLessExecution" finished-at="2024-07-10T10:39:57 IST" duration-ms="5139" status="PASS">
          <reporter-output>
          </reporter-output>
        </test-method> <!-- ChromeHeadLessExecution -->
        <test-method signature="HeadLessWithOutBrowser()[pri:0, instance:Selenium_Translaton.ExecuteTestScriptHeadlessInBrowser@2d0399f4]" started-at="2024-07-10T10:39:57 IST" name="HeadLessWithOutBrowser" finished-at="2024-07-10T10:39:58 IST" duration-ms="542" status="PASS">
          <reporter-output>
          </reporter-output>
        </test-method> <!-- HeadLessWithOutBrowser -->
      </class> <!-- Selenium_Translaton.ExecuteTestScriptHeadlessInBrowser -->
    </test> <!-- Default test -->
  </suite> <!-- Default suite -->
</testng-results>
