<?xml version="1.0" encoding="UTF-8"?>
<!-- Generated by org.testng.reporters.JUnitXMLReporter -->
<testsuite ignored="0" hostname="santhosh" failures="0" tests="2" name="Default test" time="5.728" errors="0" timestamp="2024-07-10T10:39:58 IST">
  <testcase classname="Selenium_Translaton.ExecuteTestScriptHeadlessInBrowser" name="ChromeHeadLessExecution" time="5.139"/>
  <testcase classname="Selenium_Translaton.ExecuteTestScriptHeadlessInBrowser" name="HeadLessWithOutBrowser" time="0.542"/>
</testsuite> <!-- Default test -->
